Start testing: Nov 19 13:28 EET
----------------------------------------------------------
1/1 Testing: TestConvert.HandleConvert
1/1 Test: TestConvert.HandleConvert
Command: "/Users/yura_kulakovskyi/Documents/C++/AP/PR11/PR11_4/cmake-build-debug/PR11_4_tests" "--gtest_filter=TestConvert.HandleConvert" "--gtest_also_run_disabled_tests"
Directory: /Users/yura_kulakovskyi/Documents/C++/AP/PR11/PR11_4/cmake-build-debug
"TestConvert.HandleConvert" start time: Nov 19 13:28 EET
Output:
----------------------------------------------------------
Running main() from /Users/yura_kulakovskyi/Documents/C++/AP/PR11/PR11_4/lib/googletest/googletest/src/gtest_main.cc
Note: Google Test filter = TestConvert.HandleConvert
[==========] Running 1 test from 1 test suite.
[----------] Global test environment set-up.
[----------] 1 test from TestConvert
[ RUN      ] TestConvert.HandleConvert
[       OK ] TestConvert.HandleConvert (0 ms)
[----------] 1 test from TestConvert (0 ms total)

[----------] Global test environment tear-down
[==========] 1 test from 1 test suite ran. (0 ms total)
[  PASSED  ] 1 test.
<end of output>
Test time =   0.00 sec
----------------------------------------------------------
Test Passed.
"TestConvert.HandleConvert" end time: Nov 19 13:28 EET
"TestConvert.HandleConvert" time elapsed: 00:00:00
----------------------------------------------------------

End testing: Nov 19 13:28 EET
